<?xml version="1.0" encoding="UTF-8"?>
<testng-results skipped="0" failed="0" ignored="0" total="1" passed="1">
  <reporter-output>
    <line>
      <![CDATA[<div "result">Enter City name as Perth (PASSED : 1s)</div>]]>
    </line>
    <line>
      <![CDATA[<div "result">Click Enter (PASSED : 0s)</div>]]>
    </line>
    <line>
      <![CDATA[<div "result">Select a day (PASSED : 0s)</div>]]>
    </line>
    <line>
      <![CDATA[<div "result">Get the number of forecast displayed (PASSED : 0s)</div>]]>
    </line>
    <line>
      <![CDATA[<div "result">Verify 3 hourly forecast is displayed (PASSED : 0s)</div>]]>
    </line>
  </reporter-output>
  <suite name="Default suite" duration-ms="7625" started-at="2017-10-15T13:34:12Z" finished-at="2017-10-15T13:34:19Z">
    <groups>
    </groups>
    <test name="Default test" duration-ms="7625" started-at="2017-10-15T13:34:12Z" finished-at="2017-10-15T13:34:19Z">
      <class name="runner1.TestNgRunner">
        <test-method status="PASS" signature="beforeSuite()[pri:0, instance:runner1.TestNgRunner@50b494a6]" name="beforeSuite" is-config="true" duration-ms="5628" started-at="2017-10-15T19:04:06Z" finished-at="2017-10-15T19:04:12Z">
          <reporter-output>
          </reporter-output>
        </test-method> <!-- beforeSuite -->
        <test-method status="PASS" signature="beforeTest()[pri:0, instance:runner1.TestNgRunner@50b494a6]" name="beforeTest" is-config="true" duration-ms="2" started-at="2017-10-15T19:04:12Z" finished-at="2017-10-15T19:04:12Z">
          <reporter-output>
          </reporter-output>
        </test-method> <!-- beforeTest -->
        <test-method status="PASS" signature="setUpClass()[pri:0, instance:runner1.TestNgRunner@50b494a6]" name="setUpClass" is-config="true" duration-ms="348" started-at="2017-10-15T19:04:12Z" finished-at="2017-10-15T19:04:12Z">
          <reporter-output>
          </reporter-output>
        </test-method> <!-- setUpClass -->
        <test-method status="PASS" signature="runFeature(cucumber.api.testng.PickleEventWrapper, cucumber.api.testng.CucumberFeatureWrapper)[pri:0, instance:runner1.TestNgRunner@50b494a6]" name="runFeature" duration-ms="7225" started-at="2017-10-15T19:04:12Z" data-provider="scenarios" finished-at="2017-10-15T19:04:19Z">
          <params>
            <param index="0">
              <value>
                <![CDATA["Select day and get 3 hourly forecast"]]>
              </value>
            </param>
            <param index="1">
              <value>
                <![CDATA["DayForecastshow"]]>
              </value>
            </param>
          </params>
          <reporter-output>
            <line>
              <![CDATA[<div "result">Enter City name as Perth (PASSED : 1s)</div>]]>
            </line>
            <line>
              <![CDATA[<div "result">Click Enter (PASSED : 0s)</div>]]>
            </line>
            <line>
              <![CDATA[<div "result">Select a day (PASSED : 0s)</div>]]>
            </line>
            <line>
              <![CDATA[<div "result">Get the number of forecast displayed (PASSED : 0s)</div>]]>
            </line>
            <line>
              <![CDATA[<div "result">Verify 3 hourly forecast is displayed (PASSED : 0s)</div>]]>
            </line>
          </reporter-output>
        </test-method> <!-- runFeature -->
        <test-method status="PASS" signature="beforeMethod()[pri:0, instance:runner1.TestNgRunner@50b494a6]" name="beforeMethod" is-config="true" duration-ms="0" started-at="2017-10-15T19:04:12Z" finished-at="2017-10-15T19:04:12Z">
          <reporter-output>
          </reporter-output>
        </test-method> <!-- beforeMethod -->
        <test-method status="PASS" signature="afterMethod()[pri:0, instance:runner1.TestNgRunner@50b494a6]" name="afterMethod" is-config="true" duration-ms="0" started-at="2017-10-15T19:04:19Z" finished-at="2017-10-15T19:04:19Z">
          <reporter-output>
          </reporter-output>
        </test-method> <!-- afterMethod -->
        <test-method status="PASS" signature="tearDownClass()[pri:0, instance:runner1.TestNgRunner@50b494a6]" name="tearDownClass" is-config="true" duration-ms="3" started-at="2017-10-15T19:04:19Z" finished-at="2017-10-15T19:04:19Z">
          <reporter-output>
          </reporter-output>
        </test-method> <!-- tearDownClass -->
        <test-method status="PASS" signature="afterTest()[pri:0, instance:runner1.TestNgRunner@50b494a6]" name="afterTest" is-config="true" duration-ms="1" started-at="2017-10-15T19:04:19Z" finished-at="2017-10-15T19:04:19Z">
          <reporter-output>
          </reporter-output>
        </test-method> <!-- afterTest -->
        <test-method status="PASS" signature="afterSuite()[pri:0, instance:runner1.TestNgRunner@50b494a6]" name="afterSuite" is-config="true" duration-ms="317" started-at="2017-10-15T19:04:24Z" finished-at="2017-10-15T19:04:25Z">
          <reporter-output>
          </reporter-output>
        </test-method> <!-- afterSuite -->
      </class> <!-- runner1.TestNgRunner -->
    </test> <!-- Default test -->
  </suite> <!-- Default suite -->
</testng-results>
